SF:lib/providers/game_provider.dart
DA:18,6
DA:19,2
DA:20,2
DA:24,2
DA:25,4
DA:26,0
DA:27,0
DA:29,0
DA:31,4
DA:35,1
DA:41,4
DA:42,1
DA:43,1
DA:44,1
DA:46,3
DA:48,2
DA:49,0
DA:50,2
DA:51,0
DA:52,2
DA:53,1
DA:58,3
DA:59,3
DA:61,1
DA:62,0
DA:64,1
DA:65,0
DA:67,1
DA:68,4
DA:71,3
DA:73,3
DA:74,1
DA:78,1
DA:83,2
DA:84,6
DA:85,8
DA:87,6
DA:89,6
DA:92,2
DA:93,2
DA:97,2
DA:98,2
DA:99,4
DA:100,2
DA:103,4
DA:104,10
DA:110,6
DA:111,4
DA:112,14
DA:116,6
DA:117,4
DA:119,6
DA:124,2
DA:130,2
DA:131,6
DA:134,4
DA:135,4
DA:136,2
DA:137,6
DA:138,2
DA:145,6
DA:150,1
DA:152,4
DA:153,2
DA:154,2
DA:155,4
DA:162,2
DA:163,4
DA:164,0
DA:169,0
DA:170,0
DA:174,1
DA:175,1
DA:176,2
DA:177,1
DA:180,5
DA:182,1
DA:183,1
DA:188,2
DA:189,6
DA:192,4
DA:193,6
DA:200,10
DA:202,10
DA:204,10
DA:208,4
DA:209,8
DA:210,4
DA:212,2
DA:213,4
DA:214,8
DA:215,4
DA:217,2
DA:220,8
DA:222,8
DA:224,8
DA:229,4
DA:235,6
DA:239,2
DA:241,4
DA:242,4
DA:243,2
DA:248,0
DA:249,0
DA:253,3
DA:254,0
DA:255,0
LF:107
LH:93
end_of_record
SF:lib/models/resource_type.dart
DA:12,1
DA:14,1
DA:16,1
DA:18,1
DA:20,0
DA:22,0
DA:24,0
DA:26,0
DA:32,1
DA:34,1
DA:36,1
DA:38,1
DA:40,1
DA:42,1
DA:44,1
DA:46,1
LF:16
LH:12
end_of_record
SF:lib/models/building_type.dart
DA:17,0
DA:19,0
DA:21,0
DA:23,0
DA:25,0
DA:27,0
DA:29,0
DA:31,0
DA:37,0
DA:39,0
DA:41,0
DA:43,0
DA:45,0
DA:47,0
DA:49,0
DA:51,0
DA:57,0
DA:59,0
DA:60,0
DA:61,0
DA:63,0
DA:65,0
DA:67,0
DA:69,0
LF:24
LH:0
end_of_record
SF:lib/models/god.dart
DA:17,1
DA:19,1
DA:21,1
DA:23,1
DA:25,1
DA:27,1
DA:29,1
DA:31,1
DA:33,1
DA:35,1
DA:37,1
DA:39,1
DA:41,1
DA:47,1
DA:49,1
DA:51,1
DA:53,1
DA:55,1
DA:57,1
DA:59,1
DA:61,1
DA:63,1
DA:65,1
DA:67,1
DA:69,1
DA:71,1
DA:77,3
DA:79,3
DA:81,3
DA:83,3
DA:85,3
DA:87,2
DA:89,2
DA:91,2
DA:93,2
DA:95,2
DA:97,2
DA:99,2
DA:101,2
LF:39
LH:39
end_of_record
SF:lib/models/game_state.dart
DA:14,3
DA:24,3
DA:25,3
DA:26,3
DA:31,3
DA:32,3
DA:33,3
DA:40,3
DA:48,3
DA:49,6
DA:50,6
DA:51,6
DA:52,3
DA:53,3
DA:54,6
DA:59,3
DA:60,6
DA:64,3
DA:65,6
DA:69,3
DA:70,6
DA:74,3
DA:75,6
DA:79,1
DA:80,1
DA:81,2
DA:82,3
DA:84,2
DA:85,3
DA:87,5
DA:88,2
DA:89,1
DA:90,2
DA:95,1
DA:96,1
DA:97,2
DA:98,2
DA:99,4
DA:100,1
DA:103,2
DA:104,2
DA:105,4
DA:109,1
DA:110,6
DA:111,1
DA:112,2
DA:113,2
DA:114,1
DA:115,2
DA:116,1
LF:50
LH:50
end_of_record
SF:lib/models/building_definition.dart
DA:13,4
DA:22,3
DA:23,6
DA:24,6
DA:26,9
DA:32,3
DA:33,3
DA:35,6
DA:36,6
DA:37,6
DA:38,18
DA:94,3
DA:96,3
DA:98,3
DA:100,3
DA:102,3
DA:104,3
DA:106,2
DA:108,1
DA:114,0
LF:20
LH:19
end_of_record
SF:lib/models/achievement.dart
DA:8,1
DA:10,1
DA:12,1
DA:14,1
DA:16,1
DA:30,1
LF:6
LH:6
end_of_record
SF:lib/models/achievement_definitions.dart
DA:65,6
DA:77,1
DA:79,5
LF:3
LH:3
end_of_record
SF:lib/services/save_service.dart
DA:9,0
DA:10,0
DA:11,0
DA:12,0
DA:16,0
DA:17,0
DA:18,0
DA:25,0
DA:26,0
DA:34,0
DA:35,0
DA:36,0
DA:40,0
DA:41,0
DA:42,0
LF:15
LH:0
end_of_record
SF:lib/utils/number_formatter.dart
DA:5,3
DA:10,1
DA:11,1
DA:13,2
DA:14,2
DA:16,1
DA:22,5
DA:23,1
DA:24,1
DA:27,4
DA:31,1
DA:32,1
DA:33,2
DA:37,1
DA:38,2
LF:15
LH:15
end_of_record
SF:lib/main.dart
DA:8,0
DA:9,0
DA:17,1
DA:19,1
DA:21,1
DA:23,1
DA:24,1
DA:33,1
DA:35,1
DA:36,1
DA:42,1
DA:44,3
DA:46,0
DA:47,0
DA:49,0
DA:50,0
DA:51,0
DA:54,0
DA:55,0
DA:56,0
DA:61,0
DA:66,0
DA:67,0
DA:68,0
DA:74,0
DA:75,0
DA:76,0
DA:77,0
DA:80,0
DA:83,0
DA:84,0
DA:87,0
DA:89,0
DA:90,0
DA:92,0
DA:93,0
DA:94,0
DA:95,0
DA:98,0
LF:39
LH:10
end_of_record
SF:lib/screens/home_screen.dart
DA:9,1
DA:11,0
DA:12,0
DA:18,0
DA:20,0
DA:25,0
DA:26,0
DA:27,0
DA:28,0
DA:29,0
DA:46,1
DA:48,0
DA:50,0
DA:51,0
DA:53,0
DA:54,0
DA:56,0
DA:57,0
DA:59,0
DA:60,0
DA:62,0
DA:63,0
DA:64,0
DA:71,0
DA:72,0
DA:78,0
DA:79,0
DA:80,0
DA:95,0
DA:102,0
DA:104,0
DA:106,0
DA:107,0
DA:108,0
DA:109,0
DA:111,0
DA:112,0
DA:113,0
DA:115,0
DA:116,0
DA:117,0
DA:121,0
DA:122,0
DA:123,0
DA:128,0
DA:129,0
DA:130,0
DA:132,0
DA:135,0
DA:137,0
DA:138,0
DA:139,0
DA:140,0
DA:153,0
DA:155,0
DA:157,0
DA:160,0
DA:161,0
DA:162,0
DA:165,0
DA:166,0
DA:170,0
DA:172,0
DA:175,0
DA:177,0
DA:182,0
DA:183,0
DA:184,0
DA:199,0
DA:204,0
DA:206,0
DA:208,0
DA:209,0
DA:210,0
DA:212,0
DA:214,0
DA:215,0
DA:217,0
DA:220,0
DA:222,0
DA:234,0
DA:239,0
DA:241,0
DA:243,0
DA:244,0
DA:245,0
DA:246,0
DA:247,0
DA:250,0
DA:251,0
DA:252,0
LF:91
LH:2
end_of_record
SF:lib/widgets/offline_progress_dialog.dart
DA:9,0
DA:16,0
DA:17,0
DA:18,0
DA:20,0
DA:21,0
DA:23,0
DA:26,0
DA:28,0
DA:30,0
DA:32,0
DA:39,0
DA:40,0
DA:41,0
DA:44,0
DA:46,0
DA:47,0
DA:48,0
DA:50,0
DA:51,0
DA:54,0
DA:55,0
DA:56,0
DA:58,0
DA:66,0
DA:67,0
DA:68,0
LF:27
LH:0
end_of_record
SF:lib/screens/buildings_screen.dart
DA:9,1
DA:11,0
DA:13,0
DA:14,0
DA:16,0
DA:17,0
DA:19,0
DA:21,0
DA:22,0
DA:23,0
DA:24,0
DA:25,0
DA:26,0
DA:27,0
DA:30,0
DA:32,0
DA:36,0
DA:37,0
DA:43,0
DA:49,0
LF:20
LH:1
end_of_record
SF:lib/widgets/building_card.dart
DA:15,0
DA:25,0
DA:27,0
DA:29,0
DA:30,0
DA:33,0
DA:35,0
DA:36,0
DA:37,0
DA:38,0
DA:39,0
DA:41,0
DA:43,0
DA:44,0
DA:46,0
DA:47,0
DA:48,0
DA:50,0
DA:51,0
DA:52,0
DA:53,0
DA:58,0
DA:59,0
DA:60,0
DA:61,0
DA:67,0
DA:72,0
DA:73,0
DA:74,0
DA:76,0
DA:77,0
DA:86,0
DA:88,0
DA:89,0
DA:91,0
DA:92,0
DA:94,0
DA:96,0
DA:97,0
DA:98,0
DA:100,0
DA:105,0
DA:107,0
DA:108,0
DA:110,0
DA:112,0
DA:113,0
DA:114,0
DA:115,0
DA:134,0
DA:136,0
DA:138,0
DA:140,0
DA:141,0
DA:143,0
DA:144,0
DA:147,0
DA:148,0
DA:150,0
DA:151,0
DA:152,0
DA:153,0
DA:154,0
DA:157,0
DA:158,0
DA:159,0
DA:160,0
LF:67
LH:0
end_of_record
